<?xml version="1.0" encoding="UTF-8"?>
<testng-results skipped="0" failed="0" total="1" passed="1">
  <reporter-output>
  </reporter-output>
  <suite name="Default suite" duration-ms="60806" started-at="2016-05-24T07:50:19Z" finished-at="2016-05-24T07:51:20Z">
    <groups>
    </groups>
    <test name="Default test" duration-ms="60806" started-at="2016-05-24T07:50:19Z" finished-at="2016-05-24T07:51:20Z">
      <class name="appiumDemo.AppiumDIV">
        <test-method status="PASS" signature="setUp()[pri:0, instance:appiumDemo.AppiumDIV@1c24521]" name="setUp" is-config="true" duration-ms="25879" started-at="2016-05-24T13:20:19Z" finished-at="2016-05-24T13:20:45Z">
          <reporter-output>
          </reporter-output>
        </test-method> <!-- setUp -->
        <test-method status="PASS" signature="launchCalc()[pri:0, instance:appiumDemo.AppiumDIV@1c24521]" name="launchCalc" duration-ms="30877" started-at="2016-05-24T13:20:45Z" finished-at="2016-05-24T13:21:16Z">
          <reporter-output>
          </reporter-output>
        </test-method> <!-- launchCalc -->
        <test-method status="PASS" signature="testOver()[pri:0, instance:appiumDemo.AppiumDIV@1c24521]" name="testOver" is-config="true" duration-ms="4036" started-at="2016-05-24T13:21:16Z" finished-at="2016-05-24T13:21:20Z">
          <reporter-output>
          </reporter-output>
        </test-method> <!-- testOver -->
      </class> <!-- appiumDemo.AppiumDIV -->
    </test> <!-- Default test -->
  </suite> <!-- Default suite -->
</testng-results>
